0
1
4
5
3
1
4
6
8
10
12
14
15
3
1
4
6
7
3
1
4
6
8
10
11
3
1
4
6
8
10
12
14
16
20
3
1
4
6
8
10
12
14
16
17
19
3
1
4
6
8
9
3
1
4
6
7
3
1
4
6
8
10
11
3
1
4
6
8
10
12
14
16
20
3
1
4
6
8
10
12
14
16
17
19
3
1
4
6
8
9
3
1
4
6
7
3
1
4
6
8
10
11
3
1
4
6
8
10
12
14
16
20
3
1
4
6
8
10
12
14
16
17
19
3
1
4
6
8
9
3
1
4
6
7
3
1
4
6
8
10
11
3
1
4
6
8
10
12
14
16
20
3
1
4
6
8
10
12
14
16
17
19
3
1
4
6
8
9
3
1
4
6
7
3
1
4
6
8
10
11
3
1
4
6
8
10
12
14
16
20
3
1
4
6
8
10
12
14
16
17
19
3
1
4
6
8
9
3
1
4
6
7
3
1
4
6
8
10
12
14
16
17
18
3
1
2
3
1
4
5
3
1
4
6
8
10
12
14
15
3
1
4
6
7
3
1
4
6
8
10
11
3
1
4
6
8
10
12
14
16
20
3
1
4
6
8
10
12
14
16
17
19
3
1
4
6
8
9
3
1
4
6
7
3
1
4
6
8
10
11
3
1
4
6
8
10
12
14
16
17
19
3
1
4
6
8
9
3
1
4
6
7
3
1
4
6
8
10
11
3
1
4
6
8
10
12
14
16
20
3
1
4
6
8
10
12
14
16
17
19
3
1
4
6
8
9
3
1
4
6
7
3
1
4
6
8
10
11
3
1
4
6
8
10
12
14
16
20
3
1
4
6
8
10
12
14
16
17
19
3
1
4
6
8
9
3
1
4
6
7
3
1
4
6
8
10
12
14
16
17
18
3
1
2
3
1
4
5
3
1
4
6
8
10
12
14
15
3
1
4
6
7
3
1
4
6
8
10
11
3
1
4
6
8
10
12
14
16
17
19
3
1
4
6
8
9
3
1
4
6
7
3
1
4
6
8
10
11
3
1
4
6
8
10
12
14
16
17
19
3
1
4
6
8
9
3
1
4
6
7
3
1
4
6
8
10
11
3
1
4
6
8
10
12
14
16
20
3
1
4
6
8
10
12
14
16
17
19
3
1
4
6
8
9
3
1
4
6
7
3
1
4
6
8
10
12
14
16
17
18
3
1
2
3
1
4
5
3
1
4
6
8
10
12
14
15
3
1
4
6
7
3
1
4
6
8
10
11
3
1
4
6
8
10
12
14
16
17
19
3
1
4
6
8
9
3
1
4
6
7
3
1
4
6
8
10
11
3
1
4
6
8
10
12
14
16
17
19
3
1
4
6
8
9
3
1
4
6
7
3
1
4
6
8
10
12
14
16
17
18
3
1
2
3
1
4
5
3
1
4
6
8
10
12
14
15
3
1
4
6
7
3
1
4
6
8
10
11
3
1
4
6
8
10
12
14
16
17
19
3
1
4
6
8
9
3
1
4
6
7
3
1
4
6
8
10
12
14
16
17
18
3
1
2
3
1
4
5
3
1
4
6
8
10
12
13
