0
1
2
5
8
1
2
4
8
1
3
6
33
116
6
35
116
6
39
88
122
116
6
45
95
132
95
130
95
131
116
6
40
95
134
95
133
116
6
49
116
6
37
116
6
50
116
6
19
116
6
41
116
6
53
116
6
21
116
6
39
88
122
116
6
45
95
132
95
130
95
131
116
6
40
95
134
95
133
116
6
49
116
6
37
116
6
50
116
6
19
116
6
41
116
6
53
116
6
21
116
6
39
89
122
116
6
25
116
6
10
116
6
54
116
6
46
116
6
23
116
6
51
103
145
116
6
29
116
6
51
102
145
116
6
55
116
6
31
79
120
116
6
52
116
6
51
108
145
116
6
14
116
6
36
116
6
42
116
6
51
109
145
116
6
38
116
6
18
65
118
116
6
13
116
6
20
116
6
51
104
145
116
6
28
116
6
43
93
129
116
6
22
116
6
51
111
145
116
6
15
116
6
34
116
6
51
105
145
116
6
27
116
6
17
116
6
12
116
6
51
107
145
116
6
16
116
6
32
116
6
51
106
145
116
6
48
116
6
30
116
6
26
116
6
51
109
145
116
6
38
116
6
18
65
118
116
6
13
116
6
20
116
6
51
104
145
116
6
28
116
6
43
94
129
116
6
47
116
6
51
106
145
116
6
48
116
6
30
116
6
26
116
6
51
109
145
116
6
38
116
6
18
65
118
116
6
13
116
6
20
116
6
51
104
145
116
6
28
116
6
43
93
129
116
6
22
116
6
51
111
145
116
6
15
116
6
34
116
6
51
105
145
116
6
27
116
6
17
116
6
12
116
6
51
107
145
116
6
16
116
6
32
116
6
51
106
145
116
6
48
116
6
30
116
6
26
116
6
51
109
145
116
6
38
116
6
18
65
118
116
6
13
116
6
20
116
6
51
104
145
116
6
28
116
6
43
93
129
116
6
22
116
6
51
111
145
116
6
15
116
6
34
116
6
51
105
145
116
6
27
116
6
17
116
6
12
116
6
51
107
145
116
6
16
116
6
32
116
6
51
106
145
116
6
48
116
6
30
116
6
26
116
6
51
109
145
116
6
38
116
6
18
66
118
116
6
11
116
6
51
110
145
116
6
44
0
1
2
4
8
1
2
4
8
1
3
6
33
116
6
35
116
6
39
88
122
116
6
45
95
132
95
130
95
131
116
6
40
95
134
95
133
116
6
49
116
6
37
116
6
50
116
6
19
116
6
41
116
6
53
116
6
21
116
6
39
88
122
116
6
45
95
132
95
130
95
131
116
6
40
95
134
95
133
116
6
49
116
6
37
116
6
50
116
6
19
116
6
41
116
6
53
116
6
21
116
6
39
89
122
116
6
25
116
6
10
116
6
54
116
6
46
116
6
23
116
6
51
103
145
116
6
29
116
6
51
102
145
116
6
55
116
6
31
79
120
116
6
52
116
6
51
108
145
116
6
14
116
6
36
116
6
42
116
6
51
109
145
116
6
38
116
6
18
65
118
116
6
13
116
6
20
116
6
51
104
145
116
6
28
116
6
43
94
129
116
6
47
116
6
51
106
145
116
6
48
116
6
30
116
6
26
116
6
51
109
145
116
6
38
116
6
18
65
118
116
6
13
116
6
20
116
6
51
104
145
116
6
28
116
6
43
94
129
116
6
47
116
6
51
106
145
116
6
48
116
6
30
116
6
26
116
6
51
109
145
116
6
38
116
6
18
65
118
116
6
13
116
6
20
116
6
51
104
145
116
6
28
116
6
43
93
129
116
6
22
116
6
51
111
145
116
6
15
116
6
34
116
6
51
105
145
116
6
27
116
6
17
116
6
12
116
6
51
107
145
116
6
16
116
6
32
116
6
51
106
145
116
6
48
116
6
30
116
6
26
116
6
51
109
145
116
6
38
116
6
18
66
118
116
6
11
116
6
51
110
145
116
6
44
0
1
2
4
8
1
2
4
8
1
3
6
33
116
6
35
116
6
39
88
122
116
6
45
95
132
95
130
95
131
116
6
40
95
134
95
133
116
6
49
116
6
37
116
6
50
116
6
19
116
6
41
116
6
53
116
6
21
116
6
39
88
122
116
6
45
95
132
95
130
95
131
116
6
40
95
134
95
133
116
6
49
116
6
37
116
6
50
116
6
19
116
6
41
116
6
53
116
6
21
116
6
39
89
122
116
6
25
116
6
10
116
6
54
116
6
46
116
6
23
116
6
51
103
145
116
6
29
116
6
51
102
145
116
6
55
116
6
31
79
120
116
6
52
116
6
51
108
145
116
6
14
116
6
36
116
6
42
116
6
51
109
145
116
6
38
116
6
18
65
118
116
6
13
116
6
20
116
6
51
104
145
116
6
28
116
6
43
94
129
116
6
47
116
6
51
106
145
116
6
48
116
6
30
116
6
26
116
6
51
109
145
116
6
38
116
6
18
65
118
116
6
13
116
6
20
116
6
51
104
145
116
6
28
116
6
43
94
129
116
6
47
116
6
51
106
145
116
6
48
116
6
30
116
6
26
116
6
51
109
145
116
6
38
116
6
18
66
118
116
6
11
116
6
51
110
145
116
6
44
0
1
2
4
8
1
2
4
8
1
3
6
33
116
6
35
116
6
39
88
122
116
6
45
95
132
95
130
95
131
116
6
40
95
134
95
133
116
6
49
116
6
37
116
6
50
116
6
19
116
6
41
116
6
53
116
6
21
116
6
39
88
122
116
6
45
95
132
95
130
95
131
116
6
40
95
134
95
133
116
6
49
116
6
37
116
6
50
116
6
19
116
6
41
116
6
53
116
6
21
116
6
39
89
122
116
6
25
116
6
10
116
6
54
116
6
46
116
6
23
116
6
51
103
145
116
6
29
116
6
51
102
145
116
6
55
116
6
31
79
120
116
6
52
116
6
51
108
145
116
6
14
116
6
36
116
6
42
116
6
51
109
145
116
6
38
116
6
18
65
118
116
6
13
116
6
20
116
6
51
104
145
116
6
28
116
6
43
94
129
116
6
47
116
6
51
106
145
116
6
48
116
6
30
116
6
26
116
6
51
109
145
116
6
38
116
6
18
66
118
116
6
11
116
6
51
110
145
116
6
44
0
1
2
4
8
1
2
4
8
1
3
6
33
116
6
35
116
6
39
88
122
116
6
45
95
132
95
130
95
131
116
6
40
95
134
95
133
116
6
49
116
6
37
116
6
50
116
6
19
116
6
41
116
6
53
116
6
21
116
6
39
88
122
116
6
45
95
132
95
130
95
131
116
6
40
95
134
95
133
116
6
49
116
6
37
116
6
50
116
6
19
116
6
41
116
6
53
116
6
21
116
6
39
89
122
116
6
25
116
6
10
116
6
54
116
6
46
116
6
23
116
6
51
103
145
116
6
29
116
6
51
102
145
116
6
55
116
6
31
80
120
116
6
56
116
6
51
101
145
116
6
24
116
6
9
