0
1
2
5
8
1
2
4
8
1
3
6
11
31
6
10
20
33
31
6
16
31
6
17
29
37
31
6
12
23
35
31
6
19
31
6
13
31
6
15
31
6
14
31
6
17
29
37
31
6
12
23
35
31
6
19
31
6
13
31
6
15
31
6
14
31
6
17
29
37
31
6
12
23
35
31
6
19
31
6
13
31
6
15
31
6
14
31
6
17
29
37
31
6
12
23
35
31
6
19
31
6
13
31
6
15
31
6
14
31
6
17
29
37
31
6
12
23
35
31
6
19
31
6
13
31
6
15
31
6
14
31
6
17
30
37
31
6
18
0
1
2
4
8
1
2
4
8
1
3
6
11
31
6
10
20
33
31
6
16
31
6
17
29
37
31
6
12
23
35
31
6
19
31
6
13
31
6
15
31
6
14
31
6
17
29
37
31
6
12
24
35
31
6
14
31
6
17
29
37
31
6
12
23
35
31
6
19
31
6
13
31
6
15
31
6
14
31
6
17
29
37
31
6
12
23
35
31
6
19
31
6
13
31
6
15
31
6
14
31
6
17
30
37
31
6
18
0
1
2
4
8
1
2
4
8
1
3
6
11
31
6
10
20
33
31
6
16
31
6
17
29
37
31
6
12
24
35
31
6
14
31
6
17
29
37
31
6
12
24
35
31
6
14
31
6
17
29
37
31
6
12
23
35
31
6
19
31
6
13
31
6
15
31
6
14
31
6
17
30
37
31
6
18
0
1
2
4
8
1
2
4
8
1
3
6
11
31
6
10
20
33
31
6
16
31
6
17
29
37
31
6
12
24
35
31
6
14
31
6
17
29
37
31
6
12
24
35
31
6
14
31
6
17
30
37
31
6
18
0
1
2
4
8
1
2
4
8
1
3
6
11
31
6
10
20
33
31
6
16
31
6
17
29
37
31
6
12
24
35
31
6
14
31
6
17
30
37
31
6
18
0
1
2
4
8
1
2
4
8
1
3
6
11
31
6
10
21
33
31
6
9
