0
1
2
5
4
1
2
3
4
1
6
7
14
12
7
9
10
11
12
7
22
12
7
23
24
25
12
7
15
16
17
12
7
28
12
7
19
12
7
21
12
7
20
12
7
23
24
25
12
7
15
16
17
12
7
28
12
7
19
12
7
21
12
7
20
12
7
23
24
25
12
7
15
16
17
12
7
28
12
7
19
12
7
21
12
7
20
12
7
23
24
25
12
7
15
16
17
12
7
28
12
7
19
12
7
21
12
7
20
12
7
23
24
25
12
7
15
16
17
12
7
28
12
7
19
12
7
21
12
7
20
12
7
23
26
25
12
7
27
12
7
9
10
11
12
7
22
12
7
23
24
25
12
7
15
18
17
12
7
20
12
7
23
24
25
12
7
15
16
17
12
7
28
12
7
19
12
7
21
12
7
20
12
7
23
24
25
12
7
15
18
17
12
7
20
12
7
23
24
25
12
7
15
16
17
12
7
28
12
7
19
12
7
21
12
7
20
12
7
23
26
25
12
7
27
12
7
9
10
11
12
7
22
12
7
23
24
25
12
7
15
18
17
12
7
20
12
7
23
24
25
12
7
15
18
17
12
7
20
12
7
23
24
25
12
7
15
16
17
12
7
28
12
7
19
12
7
21
12
7
20
12
7
23
26
25
12
7
27
12
7
9
10
11
12
7
22
12
7
23
24
25
12
7
15
18
17
12
7
20
12
7
23
24
25
12
7
15
16
17
12
7
28
12
7
19
12
7
21
12
7
20
12
7
23
26
25
12
7
27
12
7
9
10
11
12
7
22
12
7
23
24
25
12
7
15
16
17
12
7
28
12
7
19
12
7
21
12
7
20
12
7
23
26
25
12
7
27
12
7
9
13
11
12
7
8
